
> autoui@0.0.0 dev
> vite

Port 5173 is in use, trying another one...
Port 5174 is in use, trying another one...

  VITE v6.3.5  ready in 81 ms

  ➜  Local:   http://localhost:5175/
  ➜  Network: use --host to expose

> autoui@0.0.0 dev
> vite


  VITE v6.3.5  ready in 72 ms

  ➜  Local:   http://localhost:5173/
  ➜  Network: use --host to expose

> autoui@0.0.0 dev
> vite


  VITE v6.3.5  ready in 74 ms

  ➜  Local:   http://localhost:5173/
  ➜  Network: use --host to expose

> autoui@0.0.0 dev
> vite


  VITE v6.3.5  ready in 79 ms

  ➜  Local:   http://localhost:5173/
  ➜  Network: use --host to expose

> autoui@0.0.0 dev
> vite


  VITE v6.3.5  ready in 81 ms

  ➜  Local:   http://localhost:5173/
  ➜  Network: use --host to expose
