[INFO] Console - predicting pockets for proteins from dataset [A2VEY9.pdb]
[INFO] PredictPocketsRoutine - outdir: tmp/A2VEY9_p2rank
[INFO] Model - Loading model from directory (v3 format): /Users/wenzhenxiong/Library/CloudStorage/OneDrive-Microsoft365/DNADancer/ProteinDance/p2rank/models/default
[INFO] FeatureSetup - enabledFeatures: [chem, volsite, protrusion, bfactor, atom_table]
[INFO] Dataset - processing dataset [A2VEY9.pdb] using 0 threads
[INFO] Dataset - 
------------------------------------------------------------------------------------------------------------------------
processing [A2VEY9.pdb] (1/1)
------------------------------------------------------------------------------------------------------------------------

[INFO] Console - processing [A2VEY9.pdb] (1/1)
[INFO] Protein - loading protein [/Users/wenzhenxiong/Library/CloudStorage/OneDrive-Microsoft365/DNADancer/ProteinDance/tmp/A2VEY9.pdb]
[INFO] PdbUtils - loading file [tmp/A2VEY9.pdb]
[INFO] Struct - all groups in chain A: 693
[INFO] Struct - all groups in chain A: 693
[INFO] Struct - 693 groups in chain A
[INFO] Protein - structure atoms: 5255
[INFO] Protein - protein   atoms: 5174
[INFO] Protein - ignoring ligands
[INFO] FeatureSetup - enabledFeatures: [chem, volsite, protrusion, bfactor, atom_table]
[INFO] Protein - SAS points: 20138
[INFO] Protein - exposed protein atoms: 4457 of 5174
[INFO] SLinkClusterer - clustering [148] elements
[INFO] SLinkClusterer - clusters: [id:3( 1 ), id:8( 1 ), id:11( 1 ), id:18( 3 ), id:19( 1 ), id:21( 5 ), id:27( 1 ), id:36( 1 ), id:70( 7 ), id:75( 1 ), id:79( 5 ), id:80( 1 ), id:84( 40 ), id:97( 1 ), id:99( 1 ), id:102( 10 ), id:110( 2 ), id:120( 14 ), id:126( 1 ), id:127( 1 ), id:128( 2 ), id:129( 2 ), id:130( 7 ), id:131( 2 ), id:140( 16 ), id:144( 21 )]
[INFO] SLinkClusterer - clusters together: 148 / 148
[INFO] PocketPredictor - PREDICTING POCKETS.... ====================================
[INFO] PocketPredictor - SAS POINTS: 20138
[INFO] PocketPredictor - LIGANDABLE POINTS: 148
[INFO] PocketPredictor - CLUSTERS: 26
[INFO] PocketPredictor - FILTERED CLUSTERS: 10
[INFO] PocketPredictor - pocket 1 -  surf_atoms:  47   points:  40   score:   17.3
[INFO] PocketPredictor - pocket 2 -  surf_atoms:  50   points:  21   score:    8.1
[INFO] PocketPredictor - pocket 3 -  surf_atoms:  30   points:  14   score:    6.9
[INFO] PocketPredictor - pocket 4 -  surf_atoms:  23   points:  16   score:    4.2
[INFO] PocketPredictor - pocket 5 -  surf_atoms:  22   points:   7   score:    3.8
[INFO] PocketPredictor - pocket 6 -  surf_atoms:  27   points:  10   score:    3.8
[INFO] PocketPredictor - pocket 7 -  surf_atoms:  14   points:   5   score:    2.3
[INFO] PocketPredictor - pocket 8 -  surf_atoms:  12   points:   5   score:    1.9
[INFO] PocketPredictor - pocket 9 -  surf_atoms:  17   points:   7   score:    1.6
[INFO] PocketPredictor - pocket10 -  surf_atoms:  16   points:   3   score:    0.9
[INFO] PredictionVisualizer - copying [/Users/wenzhenxiong/Library/CloudStorage/OneDrive-Microsoft365/DNADancer/ProteinDance/tmp/A2VEY9.pdb] to [tmp/A2VEY9_p2rank/visualizations/data/A2VEY9.pdb]
[INFO] Console - predicting pockets finished in 0 hours 0 minutes 4.570 seconds
[INFO] Console - results saved to directory [/Users/wenzhenxiong/Library/CloudStorage/OneDrive-Microsoft365/DNADancer/ProteinDance/tmp/A2VEY9_p2rank]
[INFO] Console - 
[INFO] Console - Finished successfully in 0 hours 0 minutes 5.072 seconds.
