[INFO] Console - predicting pockets for proteins from dataset [P21397.pdb]
[INFO] PredictPocketsRoutine - outdir: tmp/P21397_p2rank
[INFO] Model - Loading model from directory (v3 format): /Users/wenzhenxiong/Library/CloudStorage/OneDrive-Microsoft365/DNADancer/ProteinDance/p2rank/models/default
[INFO] FeatureSetup - enabledFeatures: [chem, volsite, protrusion, bfactor, atom_table]
[INFO] Dataset - processing dataset [P21397.pdb] using 0 threads
[INFO] Dataset - 
------------------------------------------------------------------------------------------------------------------------
processing [P21397.pdb] (1/1)
------------------------------------------------------------------------------------------------------------------------

[INFO] Console - processing [P21397.pdb] (1/1)
[INFO] Protein - loading protein [/Users/wenzhenxiong/Library/CloudStorage/OneDrive-Microsoft365/DNADancer/ProteinDance/tmp/P21397.pdb]
[INFO] PdbUtils - loading file [tmp/P21397.pdb]
[INFO] Struct - all groups in chain A: 527
[INFO] Struct - all groups in chain A: 527
[INFO] Struct - 527 groups in chain A
[INFO] Protein - structure atoms: 4205
[INFO] Protein - protein   atoms: 4114
[INFO] Protein - ignoring ligands
[INFO] FeatureSetup - enabledFeatures: [chem, volsite, protrusion, bfactor, atom_table]
[INFO] Protein - SAS points: 7488
[INFO] Protein - exposed protein atoms: 2520 of 4114
[INFO] SLinkClusterer - clustering [155] elements
[INFO] SLinkClusterer - clusters: [id:22( 1 ), id:38( 1 ), id:43( 1 ), id:45( 60 ), id:51( 1 ), id:60( 2 ), id:66( 1 ), id:70( 25 ), id:102( 9 ), id:112( 4 ), id:113( 38 ), id:128( 8 ), id:142( 2 ), id:154( 2 )]
[INFO] SLinkClusterer - clusters together: 155 / 155
[INFO] PocketPredictor - PREDICTING POCKETS.... ====================================
[INFO] PocketPredictor - SAS POINTS: 7488
[INFO] PocketPredictor - LIGANDABLE POINTS: 155
[INFO] PocketPredictor - CLUSTERS: 14
[INFO] PocketPredictor - FILTERED CLUSTERS: 6
[INFO] PocketPredictor - pocket 1 -  surf_atoms:  78   points:  60   score:   20.8
[INFO] PocketPredictor - pocket 2 -  surf_atoms:  47   points:  38   score:   12.1
[INFO] PocketPredictor - pocket 3 -  surf_atoms:  36   points:  25   score:    7.0
[INFO] PocketPredictor - pocket 4 -  surf_atoms:  30   points:   9   score:    4.1
[INFO] PocketPredictor - pocket 5 -  surf_atoms:  14   points:   8   score:    2.5
[INFO] PocketPredictor - pocket 6 -  surf_atoms:  18   points:   4   score:    1.6
[INFO] PredictionVisualizer - copying [/Users/wenzhenxiong/Library/CloudStorage/OneDrive-Microsoft365/DNADancer/ProteinDance/tmp/P21397.pdb] to [tmp/P21397_p2rank/visualizations/data/P21397.pdb]
[INFO] Console - predicting pockets finished in 0 hours 0 minutes 1.156 seconds
[INFO] Console - results saved to directory [/Users/wenzhenxiong/Library/CloudStorage/OneDrive-Microsoft365/DNADancer/ProteinDance/tmp/P21397_p2rank]
[INFO] Console - 
[INFO] Console - Finished successfully in 0 hours 0 minutes 1.551 seconds.
